[0m00:54:26.336174 [debug] [MainThread]: Sending event: {'category': 'dbt', 'action': 'invocation', 'label': 'start', 'context': [<snowplow_tracker.self_describing_json.SelfDescribingJson object at 0x1044cc220>, <snowplow_tracker.self_describing_json.SelfDescribingJson object at 0x106075b20>, <snowplow_tracker.self_describing_json.SelfDescribingJson object at 0x1060757f0>]}


============================== 00:54:26.340201 | 5ca7c050-aa78-49e7-be22-24e04fc5b91c ==============================
[0m00:54:26.340201 [info ] [MainThread]: Running with dbt=1.11.0-b3
[0m00:54:26.340487 [debug] [MainThread]: running dbt with arguments {'profiles_dir': '/Users/kovid/.dbt', 'printer_width': '80', 'static_parser': 'True', 'log_cache_events': 'False', 'write_json': 'True', 'version_check': 'True', 'target_path': 'None', 'invocation_command': 'dbt init dbt_cricket', 'warn_error': 'None', 'log_path': 'logs', 'use_experimental_parser': 'False', 'introspect': 'True', 'send_anonymous_usage_stats': 'True', 'fail_fast': 'False', 'quiet': 'False', 'no_print': 'None', 'partial_parse': 'True', 'warn_error_options': 'WarnErrorOptionsV2(error=[], warn=[], silence=[])', 'cache_selected_only': 'False', 'indirect_selection': 'eager', 'use_colors': 'True', 'log_format': 'default', 'debug': 'False', 'empty': 'None'}
[0m00:54:26.347133 [info ] [MainThread]: Creating dbt configuration folder at /Users/kovid/.dbt
[0m00:54:26.348015 [debug] [MainThread]: Starter project path: /Users/kovid/cricket-analytics/cricket-analytics/lib/python3.9/site-packages/dbt/include/starter_project
[0m00:54:26.350543 [info ] [MainThread]: 
Your new dbt project "dbt_cricket" was created!

For more information on how to configure the profiles.yml file,
please consult the dbt documentation here:

  https://docs.getdbt.com/docs/configure-your-profile

One more thing:

Need help? Don't hesitate to reach out to us via GitHub issues or on Slack:

  https://community.getdbt.com/

Happy modeling!

[0m00:54:26.350715 [info ] [MainThread]: Setting up your profile.
[0m00:56:07.674621 [info ] [MainThread]: Profile dbt_cricket written to /Users/kovid/.dbt/profiles.yml using target's profile_template.yml and your supplied values. Run 'dbt debug' to validate the connection.
[0m00:56:07.678589 [debug] [MainThread]: Resource report: {"command_name": "init", "command_success": true, "command_wall_clock_time": 101.37569, "process_in_blocks": "0", "process_kernel_time": 0.102672, "process_mem_max_rss": "123224064", "process_out_blocks": "0", "process_user_time": 0.774505}
[0m00:56:07.679373 [debug] [MainThread]: Command `dbt init` succeeded at 00:56:07.679224 after 101.38 seconds
[0m00:56:07.679983 [debug] [MainThread]: Sending event: {'category': 'dbt', 'action': 'invocation', 'label': 'end', 'context': [<snowplow_tracker.self_describing_json.SelfDescribingJson object at 0x1044cc220>, <snowplow_tracker.self_describing_json.SelfDescribingJson object at 0x1060a43d0>, <snowplow_tracker.self_describing_json.SelfDescribingJson object at 0x10586a8b0>]}
[0m00:56:07.680630 [debug] [MainThread]: Flushing usage events
[0m00:56:07.864086 [debug] [MainThread]: An error was encountered while trying to flush usage events
[0m01:30:44.406196 [debug] [MainThread]: Sending event: {'category': 'dbt', 'action': 'invocation', 'label': 'start', 'context': [<snowplow_tracker.self_describing_json.SelfDescribingJson object at 0x1059a80d0>, <snowplow_tracker.self_describing_json.SelfDescribingJson object at 0x106a3da00>, <snowplow_tracker.self_describing_json.SelfDescribingJson object at 0x106a3d6d0>]}


============================== 01:30:44.408705 | aedbebc5-412b-4301-a22a-4c64dea3fc7e ==============================
[0m01:30:44.408705 [info ] [MainThread]: Running with dbt=1.11.0-b3
[0m01:30:44.408971 [debug] [MainThread]: running dbt with arguments {'target_path': 'None', 'use_colors': 'True', 'cache_selected_only': 'False', 'printer_width': '80', 'empty': 'False', 'static_parser': 'True', 'use_experimental_parser': 'False', 'indirect_selection': 'eager', 'warn_error': 'None', 'log_format': 'default', 'warn_error_options': 'WarnErrorOptionsV2(error=[], warn=[], silence=[])', 'invocation_command': 'dbt run --select staging', 'quiet': 'False', 'introspect': 'True', 'no_print': 'None', 'write_json': 'True', 'fail_fast': 'False', 'profiles_dir': '/Users/kovid/.dbt', 'log_cache_events': 'False', 'send_anonymous_usage_stats': 'True', 'version_check': 'True', 'log_path': 'logs', 'debug': 'False', 'partial_parse': 'True'}
[0m01:30:44.409246 [error] [MainThread]: Encountered an error:
Runtime Error
  No dbt_project.yml found at expected path /Users/kovid/cricket-analytics/dbt_project.yml
  Verify that each entry within packages.yml (and their transitive dependencies) contains a file named dbt_project.yml
  
[0m01:30:44.409934 [debug] [MainThread]: Resource report: {"command_name": "run", "command_success": false, "command_wall_clock_time": 0.041261207, "process_in_blocks": "0", "process_kernel_time": 0.087185, "process_mem_max_rss": "98762752", "process_out_blocks": "0", "process_user_time": 0.63061}
[0m01:30:44.410125 [debug] [MainThread]: Command `dbt run` failed at 01:30:44.410078 after 0.04 seconds
[0m01:30:44.410270 [debug] [MainThread]: Sending event: {'category': 'dbt', 'action': 'invocation', 'label': 'end', 'context': [<snowplow_tracker.self_describing_json.SelfDescribingJson object at 0x1059a80d0>, <snowplow_tracker.self_describing_json.SelfDescribingJson object at 0x105c408e0>, <snowplow_tracker.self_describing_json.SelfDescribingJson object at 0x106a154f0>]}
[0m01:30:44.410415 [debug] [MainThread]: Flushing usage events
[0m01:30:44.575806 [debug] [MainThread]: An error was encountered while trying to flush usage events
